#
# There is insufficient memory for the Java Runtime Environment to continue.
# Native memory allocation (mmap) failed to map 1048576 bytes. Error detail: G1 virtual space
# Possible reasons:
#   The system is out of physical RAM or swap space
#   This process is running with CompressedOops enabled, and the Java Heap may be blocking the growth of the native heap
# Possible solutions:
#   Reduce memory load on the system
#   Increase physical memory or swap space
#   Check if swap backing store is full
#   Decrease Java heap size (-Xmx/-Xms)
#   Decrease number of Java threads
#   Decrease Java thread stack sizes (-Xss)
#   Set larger code cache with -XX:ReservedCodeCacheSize=
#   JVM is running with Unscaled Compressed Oops mode in which the Java heap is
#     placed in the first 4GB address space. The Java Heap base address is the
#     maximum limit for the native heap growth. Please use -XX:HeapBaseMinAddress
#     to set the Java Heap base and to place the Java Heap above 4GB virtual address.
# This output file may be truncated or incomplete.
#
#  Out of Memory Error (os_windows.cpp:3564), pid=14116, tid=4948
#
# JRE version:  (24.0+36) (build )
# Java VM: Java HotSpot(TM) 64-Bit Server VM (24+36-3646, mixed mode, sharing, tiered, compressed oops, compressed class ptrs, g1 gc, windows-amd64)
# No core dump will be written. Minidumps are not enabled by default on client versions of Windows
#

---------------  S U M M A R Y ------------

Command Line: --enable-preview -XX:+ShowCodeDetailsInExceptionMessages r

Host: Intel(R) Core(TM) i3-7100U CPU @ 2.40GHz, 4 cores, 3G,  Windows 10 , 64 bit Build 15063 (10.0.15063.296)
Time: Thu Jul 10 19:35:31 2025 India Standard Time elapsed time: 3.797759 seconds (0d 0h 0m 3s)

---------------  T H R E A D  ---------------

Current thread (0x00000117feb13100):  JavaThread "Unknown thread" [_thread_in_vm, id=4948, stack(0x0000000d5c900000,0x0000000d5ca00000) (1024K)]

Stack: [0x0000000d5c900000,0x0000000d5ca00000]
Native frames: (J=compiled Java code, j=interpreted, Vv=VM code, C=native code)
V  [jvm.dll+0x7308c9]  (no source info available)
V  [jvm.dll+0x8d9ca3]  (no source info available)
V  [jvm.dll+0x8dc13d]  (no source info available)
V  [jvm.dll+0x8dc7b3]  (no source info available)
V  [jvm.dll+0x2aa046]  (no source info available)
V  [jvm.dll+0x72cdf5]  (no source info available)
V  [jvm.dll+0x72091a]  (no source info available)
V  [jvm.dll+0x390d8a]  (no source info available)
V  [jvm.dll+0x398a96]  (no source info available)
V  [jvm.dll+0x384fc1]  (no source info available)
V  [jvm.dll+0x385684]  (no source info available)
V  [jvm.dll+0x384ad4]  (no source info available)
V  [jvm.dll+0x35b52f]  (no source info available)
V  [jvm.dll+0x33dadc]  (no source info available)
V  [jvm.dll+0x33dcf0]  (no source info available)
V  [jvm.dll+0x6d44d3]  (no source info available)
V  [jvm.dll+0x6d3501]  (no source info available)
V  [jvm.dll+0x6ce557]  (no source info available)
V  [jvm.dll+0x89d466]  (no source info available)
V  [jvm.dll+0x3f98fd]  (no source info available)
V  [jvm.dll+0x885a76]  (no source info available)
V  [jvm.dll+0x49604e]  (no source info available)
V  [jvm.dll+0x497e21]  (no source info available)
C  [jli.dll+0x52a1]  (no source info available)
C  [ucrtbase.dll+0x20369]  (no source info available)
C  [KERNEL32.DLL+0x12774]  (no source info available)
C  [ntdll.dll+0x70d61]  (no source info available)

Lock stack of current Java thread (top to bottom):


---------------  P R O C E S S  ---------------

Threads class SMR info:
_java_thread_list=0x00007ffdc3fff318, length=0, elements={
}

Java Threads: ( => current thread )
Total: 0

Other Threads:
  0x00000117feb49490 WorkerThread "GC Thread#0"                     [id=5276, stack(0x0000000d5ca00000,0x0000000d5cb00000) (1024K)]
  0x00000117feb54c30 ConcurrentGCThread "G1 Main Marker"            [id=7428, stack(0x0000000d5cb00000,0x0000000d5cc00000) (1024K)]
  0x00000117feb55650 WorkerThread "G1 Conc#0"                       [id=2252, stack(0x0000000d5cc00000,0x0000000d5cd00000) (1024K)]
  0x00000117febac410 ConcurrentGCThread "G1 Refine#0"               [id=13536, stack(0x0000000d5cd00000,0x0000000d5ce00000) (1024K)]
  0x00000117febacea0 ConcurrentGCThread "G1 Service"                [id=3160, stack(0x0000000d5ce00000,0x0000000d5cf00000) (1024K)]

=>0x00000117feb13100 (exited) JavaThread "Unknown thread"    [_thread_in_vm, id=4948, stack(0x0000000d5c900000,0x0000000d5ca00000) (1024K)]
Total: 6

Threads with active compile tasks:
Total: 0

VM state: not at safepoint (not fully initialized)

VM Mutex/Monitor currently owned by a thread:  ([mutex/lock_event])
[0x00007ffdc40845c0] Heap_lock - owner thread: 0x00000117feb13100

Heap address: 0x00000000c2000000, size: 992 MB, Compressed Oops mode: 32-bit

CDS archive(s) mapped at: [0x0000000000000000-0x0000000000000000-0x0000000000000000), size 0, SharedBaseAddress: 0x000001179a000000, ArchiveRelocationMode: 1.
Compressed class space mapped at: 0x000001179b000000-0x00000117db000000, reserved size: 1073741824
UseCompressedClassPointers 1, UseCompactObjectHeaders 0
Narrow klass pointer bits 32, Max shift 3
Narrow klass base: 0x000001179a000000, Narrow klass shift: 0
Encoding Range: [0x000001179a000000 - 0x000001189a000000), (4294967296 bytes)
Klass Range:    [0x000001179a000000 - 0x00000117db000000), (1090519040 bytes)
Klass ID Range:  [8 - 1090519033) (1090519025)

GC Precious Log:
 CardTable entry size: 512
 Card Set container configuration: InlinePtr #cards 5 size 8 Array Of Cards #cards 10 size 36 Howl #buckets 4 coarsen threshold 1843 Howl Bitmap #cards 512 size 80 coarsen threshold 460 Card regions per heap region 1 cards per card region 2048
 CPUs: 4 total, 4 available
 Memory: 3962M
 Large Page Support: Disabled
 NUMA Support: Disabled
 Compressed Oops: Enabled (32-bit)
 Heap Region Size: 1M
 Heap Min Capacity: 8M
 Heap Initial Capacity: 62M
 Heap Max Capacity: 992M
 Pre-touch: Disabled
 Parallel Workers: 4
 Concurrent Workers: 1
 Concurrent Refinement Workers: 4
 Periodic GC: Disabled

Heap:
 garbage-first heap   total reserved 1015808K, committed 63488K, used 0K [0x00000000c2000000, 0x0000000100000000)
  region size 1024K, 0 young (0K), 0 survivors (0K)

[error occurred during error reporting (printing heap information), id 0xc0000005, EXCEPTION_ACCESS_VIOLATION (0xc0000005) at pc=0x00007ffdc3b4e579]
GC Heap History (0 events):
No events

Dll operation events (1 events):
Event: 0.878 Loaded shared library C:\Program Files\Java\jdk-24\bin\java.dll

Deoptimization events (0 events):
No events

Classes loaded (0 events):
No events

Classes unloaded (0 events):
No events

Classes redefined (0 events):
No events

Internal exceptions (0 events):
No events

VM Operations (0 events):
No events

Memory protections (0 events):
No events

Nmethod flushes (0 events):
No events

Events (0 events):
No events


Dynamic libraries:
0x00007ff67fbd0000 - 0x00007ff67fbe0000 	C:\Program Files\Java\jdk-24\bin\java.exe
0x00007ffdfe0a0000 - 0x00007ffdfe27b000 	C:\WINDOWS\SYSTEM32\ntdll.dll
0x00007ffdfbde0000 - 0x00007ffdfbe8e000 	C:\WINDOWS\System32\KERNEL32.DLL
0x00007ffdfa670000 - 0x00007ffdfa8b9000 	C:\WINDOWS\System32\KERNELBASE.dll
0x00007ffdfac20000 - 0x00007ffdfad16000 	C:\WINDOWS\System32\ucrtbase.dll
0x00007ffddbc30000 - 0x00007ffddbc4b000 	C:\Program Files\Java\jdk-24\bin\VCRUNTIME140.dll
0x00007ffdd7b10000 - 0x00007ffdd7b26000 	C:\Program Files\Java\jdk-24\bin\jli.dll
0x00007ffdfbe90000 - 0x00007ffdfbfda000 	C:\WINDOWS\System32\USER32.dll
0x00007ffdfb5e0000 - 0x00007ffdfb5fe000 	C:\WINDOWS\System32\win32u.dll
0x00007ffdfdb50000 - 0x00007ffdfdb77000 	C:\WINDOWS\System32\GDI32.dll
0x00007ffdfa8c0000 - 0x00007ffdfaa49000 	C:\WINDOWS\System32\gdi32full.dll
0x00007ffdfad20000 - 0x00007ffdfadba000 	C:\WINDOWS\System32\msvcp_win.dll
0x00007ffded2a0000 - 0x00007ffded507000 	C:\WINDOWS\WinSxS\amd64_microsoft.windows.common-controls_6595b64144ccf1df_6.0.15063.0_none_108e4f62dfe5d999\COMCTL32.dll
0x00007ffdfc370000 - 0x00007ffdfc40d000 	C:\WINDOWS\System32\msvcrt.dll
0x00007ffdfc410000 - 0x00007ffdfc709000 	C:\WINDOWS\System32\combase.dll
0x00007ffdfbfe0000 - 0x00007ffdfc105000 	C:\WINDOWS\System32\RPCRT4.dll
0x00007ffdfae10000 - 0x00007ffdfae7a000 	C:\WINDOWS\System32\bcryptPrimitives.dll
0x00007ffdfb7c0000 - 0x00007ffdfb7ed000 	C:\WINDOWS\System32\IMM32.DLL
0x00007ffdf86b0000 - 0x00007ffdf86bc000 	C:\Program Files\Java\jdk-24\bin\vcruntime140_1.dll
0x00007ffdd5b30000 - 0x00007ffdd5bbe000 	C:\Program Files\Java\jdk-24\bin\msvcp140.dll
0x00007ffdc33c0000 - 0x00007ffdc4162000 	C:\Program Files\Java\jdk-24\bin\server\jvm.dll
0x00007ffdfdf70000 - 0x00007ffdfe011000 	C:\WINDOWS\System32\ADVAPI32.dll
0x00007ffdfdbe0000 - 0x00007ffdfdc39000 	C:\WINDOWS\System32\sechost.dll
0x00007ffdfa570000 - 0x00007ffdfa5bc000 	C:\WINDOWS\System32\POWRPROF.dll
0x00007ffdfb890000 - 0x00007ffdfb8fc000 	C:\WINDOWS\System32\WS2_32.dll
0x00007ffdf8630000 - 0x00007ffdf8653000 	C:\WINDOWS\SYSTEM32\WINMM.dll
0x00007ffde9900000 - 0x00007ffde990a000 	C:\WINDOWS\SYSTEM32\VERSION.dll
0x00007ffdf8600000 - 0x00007ffdf862b000 	C:\WINDOWS\SYSTEM32\WINMMBASE.dll
0x00007ffdfadc0000 - 0x00007ffdfae09000 	C:\WINDOWS\System32\cfgmgr32.dll
0x00007ffdfa550000 - 0x00007ffdfa561000 	C:\WINDOWS\System32\kernel.appcore.dll
0x00007ffdec3e0000 - 0x00007ffdec3ea000 	C:\Program Files\Java\jdk-24\bin\jimage.dll
0x00007ffdf3380000 - 0x00007ffdf3529000 	C:\WINDOWS\SYSTEM32\DBGHELP.DLL
0x00007ffde30b0000 - 0x00007ffde30d9000 	C:\WINDOWS\SYSTEM32\dbgcore.DLL
0x00007ffdd6f30000 - 0x00007ffdd6f4e000 	C:\Program Files\Java\jdk-24\bin\java.dll
0x00007ffdfb670000 - 0x00007ffdfb7b5000 	C:\WINDOWS\System32\ole32.dll
0x00007ffdfc710000 - 0x00007ffdfdb47000 	C:\WINDOWS\System32\SHELL32.dll
0x00007ffdfdd50000 - 0x00007ffdfddfa000 	C:\WINDOWS\System32\shcore.dll
0x00007ffdfaee0000 - 0x00007ffdfb5d2000 	C:\WINDOWS\System32\windows.storage.dll
0x00007ffdfdb80000 - 0x00007ffdfdbd1000 	C:\WINDOWS\System32\shlwapi.dll
0x00007ffdfa530000 - 0x00007ffdfa545000 	C:\WINDOWS\System32\profapi.dll

dbghelp: loaded successfully - version: 4.0.5 - missing functions: none
symbol engine: initialized successfully - sym options: 0x614 - pdb path: .;C:\Program Files\Java\jdk-24\bin;C:\WINDOWS\SYSTEM32;C:\WINDOWS\WinSxS\amd64_microsoft.windows.common-controls_6595b64144ccf1df_6.0.15063.0_none_108e4f62dfe5d999;C:\Program Files\Java\jdk-24\bin\server

VM Arguments:
jvm_args: --enable-preview -XX:+ShowCodeDetailsInExceptionMessages 
java_command: r
java_class_path (initial): C:\Users\Sarthak\AppData\Roaming\Code\User\workspaceStorage\5cfc4bbf2981a0487cf93bc94d6114e1\redhat.java\jdt_ws\java.h_eb38d61b\bin
Launcher Type: SUN_STANDARD

[Global flags]
     intx CICompilerCount                          = 3                                         {product} {ergonomic}
     uint ConcGCThreads                            = 1                                         {product} {ergonomic}
     uint G1ConcRefinementThreads                  = 4                                         {product} {ergonomic}
   size_t G1HeapRegionSize                         = 1048576                                   {product} {ergonomic}
   size_t InitialHeapSize                          = 65011712                                  {product} {ergonomic}
   size_t MarkStackSize                            = 4194304                                   {product} {ergonomic}
   size_t MarkStackSizeMax                         = 536870912                                 {product} {ergonomic}
   size_t MaxHeapSize                              = 1040187392                                {product} {ergonomic}
   size_t MaxNewSize                               = 623902720                                 {product} {ergonomic}
   size_t MinHeapDeltaBytes                        = 1048576                                   {product} {ergonomic}
   size_t MinHeapSize                              = 8388608                                   {product} {ergonomic}
    uintx NonNMethodCodeHeapSize                   = 5832704                                {pd product} {ergonomic}
    uintx NonProfiledCodeHeapSize                  = 122945536                              {pd product} {ergonomic}
    uintx ProfiledCodeHeapSize                     = 122880000                              {pd product} {ergonomic}
    uintx ReservedCodeCacheSize                    = 251658240                              {pd product} {ergonomic}
     bool SegmentedCodeCache                       = true                                      {product} {ergonomic}
     bool ShowCodeDetailsInExceptionMessages       = true                                   {manageable} {command line}
   size_t SoftMaxHeapSize                          = 1040187392                             {manageable} {ergonomic}
     bool UseCompressedOops                        = true                           {product lp64_product} {ergonomic}
     bool UseG1GC                                  = true                                      {product} {ergonomic}
     bool UseLargePagesIndividualAllocation        = false                                  {pd product} {ergonomic}

Logging:
Log output configuration:
 #0: stdout all=warning uptime,level,tags foldmultilines=false
 #1: stderr all=off uptime,level,tags foldmultilines=false

Environment Variables:
PATH=C:\Program Files\Common Files\Oracle\Java\javapath;C:\WINDOWS\system32;C:\WINDOWS;C:\WINDOWS\System32\Wbem;C:\WINDOWS\System32\WindowsPowerShell\v1.0\;C:\Program Files\Git\cmd;C:\Program Files\Git\mingw64\bin;C:\Program Files\Git\usr\bin;C:\Users\Sarthak\AppData\Local\Microsoft\WindowsApps;C:\Users\Sarthak\AppData\Local\Programs\Microsoft VS Code\bin
USERNAME=Sarthak
LANG=en_US.UTF-8
OS=Windows_NT
PROCESSOR_IDENTIFIER=Intel64 Family 6 Model 142 Stepping 9, GenuineIntel
TMP=C:\Users\Sarthak\AppData\Local\Temp
TEMP=C:\Users\Sarthak\AppData\Local\Temp




Periodic native trim disabled

---------------  S Y S T E M  ---------------

OS:
 Windows 10 , 64 bit Build 15063 (10.0.15063.296)
OS uptime: 0 days 9:35 hours

CPU: total 4 (initial active 4) (2 cores per cpu, 2 threads per core) family 6 model 142 stepping 9 microcode 0xc6, cx8, cmov, fxsr, ht, mmx, 3dnowpref, sse, sse2, sse3, ssse3, sse4.1, sse4.2, popcnt, lzcnt, tsc, tscinvbit, avx, avx2, aes, erms, clmul, bmi1, bmi2, adx, fma, vzeroupper, clflush, clflushopt, rdtscp, f16c
Processor Information for the first 4 processors :
  Max Mhz: 2400, Current Mhz: 2400, Mhz Limit: 2400

Memory: 4k page, system-wide physical 3962M (282M free)
TotalPageFile size 9494M (AvailPageFile size 1773M)
current process WorkingSet (physical memory assigned to process): 25M, peak: 25M
current process commit charge ("private bytes"): 129M, peak: 129M

vm_info: Java HotSpot(TM) 64-Bit Server VM (24+36-3646) for windows-amd64 JRE (24+36-3646), built on 2025-02-06T00:20:43Z with MS VC++ 17.6 (VS2022)

END.
